2024-01-18 17:10:38,386 - instance_runner - INFO - loading problem file: examples/group_number/problem07.pddl
2024-01-18 17:10:38,387 - pddl_parser - INFO - parsing problem: [group_num_07]
2024-01-18 17:10:38,387 - instance_runner - INFO - finish loading problem file: group_num_07
2024-01-18 17:10:38,387 - instance_runner - INFO - loading domain file: examples/group_number/domain.pddl
2024-01-18 17:10:38,387 - pddl_parser - INFO - parsing domain: [group_number]
2024-01-18 17:10:38,387 - instance_runner - INFO - finish loading domain file: group_number
2024-01-18 17:10:38,387 - instance_runner - INFO - Search algorithm exists
2024-01-18 17:10:38,387 - instance_runner - INFO - loading external function: examples/group_number/group_number.py
2024-01-18 17:10:38,387 - instance_runner - INFO - finish loading external function
2024-01-18 17:10:38,387 - instance_runner - INFO - Initialize problem
2024-01-18 17:10:38,388 - instance_runner - INFO - starting search
2024-01-18 17:10:38,388 - forward_search:bfsdc - INFO - starting searching using forward_search:bfsdc
2024-01-18 17:10:38,494 - forward_search:bfsdc - INFO - plan is: ['single_peek-b', 'return-b', 'subtraction1-c', 'single_peek-a']
2024-01-18 17:10:38,494 - forward_search:bfsdc - INFO - Goal found
2024-01-18 17:10:38,494 - forward_search:bfsdc - INFO - [number of node pruned_by_unknown]: 0
2024-01-18 17:10:38,494 - forward_search:bfsdc - INFO - [number of node pruned_by_visited]: 29
2024-01-18 17:10:38,494 - forward_search:bfsdc - INFO - [number of node pruned]: 29
2024-01-18 17:10:38,494 - forward_search:bfsdc - INFO - [number of node goal_checked]: 177
2024-01-18 17:10:38,494 - forward_search:bfsdc - INFO - [number of node expansion]: 50
2024-01-18 17:10:38,494 - forward_search:bfsdc - INFO - [number of node generated]: 177
2024-01-18 17:10:38,494 - forward_search:bfsdc - INFO - [number of epistemic formulas evaluation: 257]
2024-01-18 17:10:38,494 - forward_search:bfsdc - INFO - [time in epistemic formulas evaluation: 0:00:00.077257]
2024-01-18 17:10:38,494 - forward_search:bfsdc - INFO - [avg time in epistemic formulas evaluation: 0.0003006108949416343]
2024-01-18 17:10:38,494 - forward_search:bfsdc - INFO - [number of common perspective generated]: 356
2024-01-18 17:10:38,494 - forward_search:bfsdc - INFO - [number of all iterations used when generating common perspectives]: 587
2024-01-18 17:10:38,494 - forward_search:bfsdc - INFO - [number of max iterations used when generating common perspectives]: 3
2024-01-18 17:10:38,494 - forward_search:bfsdc - INFO - [number of average iterations used when generating common perspectives]: 1.648876404494382
2024-01-18 17:10:38,495 - instance_runner - INFO - initialization time: 0:00:00.001405
2024-01-18 17:10:38,495 - instance_runner - INFO - search time: 0:00:00.106970
