2024-01-18 17:10:36,050 - instance_runner - INFO - loading problem file: examples/group_number/problem04.pddl
2024-01-18 17:10:36,050 - pddl_parser - INFO - parsing problem: [group_num_04]
2024-01-18 17:10:36,050 - instance_runner - INFO - finish loading problem file: group_num_04
2024-01-18 17:10:36,050 - instance_runner - INFO - loading domain file: examples/group_number/domain.pddl
2024-01-18 17:10:36,051 - pddl_parser - INFO - parsing domain: [group_number]
2024-01-18 17:10:36,051 - instance_runner - INFO - finish loading domain file: group_number
2024-01-18 17:10:36,051 - instance_runner - INFO - Search algorithm exists
2024-01-18 17:10:36,051 - instance_runner - INFO - loading external function: examples/group_number/group_number.py
2024-01-18 17:10:36,051 - instance_runner - INFO - finish loading external function
2024-01-18 17:10:36,051 - instance_runner - INFO - Initialize problem
2024-01-18 17:10:36,051 - instance_runner - INFO - starting search
2024-01-18 17:10:36,052 - forward_search:bfsdc - INFO - starting searching using forward_search:bfsdc
2024-01-18 17:10:36,405 - forward_search:bfsdc - INFO - plan is: ['single_peek-a', 'return-a', 'single_peek-b', 'subtraction1-c', 'return-b', 'single_peek-a']
2024-01-18 17:10:36,405 - forward_search:bfsdc - INFO - Goal found
2024-01-18 17:10:36,405 - forward_search:bfsdc - INFO - [number of node pruned_by_unknown]: 0
2024-01-18 17:10:36,405 - forward_search:bfsdc - INFO - [number of node pruned_by_visited]: 112
2024-01-18 17:10:36,405 - forward_search:bfsdc - INFO - [number of node pruned]: 112
2024-01-18 17:10:36,405 - forward_search:bfsdc - INFO - [number of node goal_checked]: 435
2024-01-18 17:10:36,405 - forward_search:bfsdc - INFO - [number of node expansion]: 120
2024-01-18 17:10:36,405 - forward_search:bfsdc - INFO - [number of node generated]: 435
2024-01-18 17:10:36,405 - forward_search:bfsdc - INFO - [number of epistemic formulas evaluation: 668]
2024-01-18 17:10:36,405 - forward_search:bfsdc - INFO - [time in epistemic formulas evaluation: 0:00:00.276685]
2024-01-18 17:10:36,405 - forward_search:bfsdc - INFO - [avg time in epistemic formulas evaluation: 0.0004141991017964072]
2024-01-18 17:10:36,405 - forward_search:bfsdc - INFO - [number of common perspective generated]: 436
2024-01-18 17:10:36,405 - forward_search:bfsdc - INFO - [number of all iterations used when generating common perspectives]: 1073
2024-01-18 17:10:36,405 - forward_search:bfsdc - INFO - [number of max iterations used when generating common perspectives]: 4
2024-01-18 17:10:36,405 - forward_search:bfsdc - INFO - [number of average iterations used when generating common perspectives]: 2.4610091743119265
2024-01-18 17:10:36,406 - instance_runner - INFO - initialization time: 0:00:00.001703
2024-01-18 17:10:36,406 - instance_runner - INFO - search time: 0:00:00.354019
