2024-01-18 17:10:35,966 - instance_runner - INFO - loading problem file: examples/group_number/problem02.pddl
2024-01-18 17:10:35,966 - pddl_parser - INFO - parsing problem: [group_num_02]
2024-01-18 17:10:35,966 - instance_runner - INFO - finish loading problem file: group_num_02
2024-01-18 17:10:35,966 - instance_runner - INFO - loading domain file: examples/group_number/domain.pddl
2024-01-18 17:10:35,966 - pddl_parser - INFO - parsing domain: [group_number]
2024-01-18 17:10:35,966 - instance_runner - INFO - finish loading domain file: group_number
2024-01-18 17:10:35,967 - instance_runner - INFO - Search algorithm exists
2024-01-18 17:10:35,967 - instance_runner - INFO - loading external function: examples/group_number/group_number.py
2024-01-18 17:10:35,967 - instance_runner - INFO - finish loading external function
2024-01-18 17:10:35,967 - instance_runner - INFO - Initialize problem
2024-01-18 17:10:35,967 - instance_runner - INFO - starting search
2024-01-18 17:10:35,967 - forward_search:bfsdc - INFO - starting searching using forward_search:bfsdc
2024-01-18 17:10:35,972 - forward_search:bfsdc - INFO - plan is: ['single_peek-a', 'subtraction1-c']
2024-01-18 17:10:35,972 - forward_search:bfsdc - INFO - Goal found
2024-01-18 17:10:35,972 - forward_search:bfsdc - INFO - [number of node pruned_by_unknown]: 0
2024-01-18 17:10:35,972 - forward_search:bfsdc - INFO - [number of node pruned_by_visited]: 0
2024-01-18 17:10:35,972 - forward_search:bfsdc - INFO - [number of node pruned]: 0
2024-01-18 17:10:35,973 - forward_search:bfsdc - INFO - [number of node goal_checked]: 25
2024-01-18 17:10:35,973 - forward_search:bfsdc - INFO - [number of node expansion]: 7
2024-01-18 17:10:35,973 - forward_search:bfsdc - INFO - [number of node generated]: 25
2024-01-18 17:10:35,973 - forward_search:bfsdc - INFO - [number of epistemic formulas evaluation: 33]
2024-01-18 17:10:35,973 - forward_search:bfsdc - INFO - [time in epistemic formulas evaluation: 0:00:00.003131]
2024-01-18 17:10:35,973 - forward_search:bfsdc - INFO - [avg time in epistemic formulas evaluation: 9.487878787878788e-05]
2024-01-18 17:10:35,973 - forward_search:bfsdc - INFO - [number of common perspective generated]: 0
2024-01-18 17:10:35,973 - forward_search:bfsdc - INFO - [number of all iterations used when generating common perspectives]: 0
2024-01-18 17:10:35,973 - forward_search:bfsdc - INFO - [number of max iterations used when generating common perspectives]: 0
2024-01-18 17:10:35,973 - forward_search:bfsdc - INFO - [number of average iterations used when generating common perspectives]: 0
2024-01-18 17:10:35,973 - instance_runner - INFO - initialization time: 0:00:00.001299
2024-01-18 17:10:35,973 - instance_runner - INFO - search time: 0:00:00.006018
