2024-01-18 17:10:38,316 - instance_runner - INFO - loading problem file: examples/group_number/problem06.pddl
2024-01-18 17:10:38,316 - pddl_parser - INFO - parsing problem: [group_num_06]
2024-01-18 17:10:38,317 - instance_runner - INFO - finish loading problem file: group_num_06
2024-01-18 17:10:38,317 - instance_runner - INFO - loading domain file: examples/group_number/domain.pddl
2024-01-18 17:10:38,317 - pddl_parser - INFO - parsing domain: [group_number]
2024-01-18 17:10:38,317 - instance_runner - INFO - finish loading domain file: group_number
2024-01-18 17:10:38,317 - instance_runner - INFO - Search algorithm exists
2024-01-18 17:10:38,317 - instance_runner - INFO - loading external function: examples/group_number/group_number.py
2024-01-18 17:10:38,317 - instance_runner - INFO - finish loading external function
2024-01-18 17:10:38,317 - instance_runner - INFO - Initialize problem
2024-01-18 17:10:38,317 - instance_runner - INFO - starting search
2024-01-18 17:10:38,318 - forward_search:bfsdc - INFO - starting searching using forward_search:bfsdc
2024-01-18 17:10:38,384 - forward_search:bfsdc - INFO - plan is: ['single_peek-a', 'return-a', 'single_peek-b', 'subtraction1-c']
2024-01-18 17:10:38,385 - forward_search:bfsdc - INFO - Goal found
2024-01-18 17:10:38,385 - forward_search:bfsdc - INFO - [number of node pruned_by_unknown]: 0
2024-01-18 17:10:38,385 - forward_search:bfsdc - INFO - [number of node pruned_by_visited]: 18
2024-01-18 17:10:38,385 - forward_search:bfsdc - INFO - [number of node pruned]: 18
2024-01-18 17:10:38,385 - forward_search:bfsdc - INFO - [number of node goal_checked]: 111
2024-01-18 17:10:38,385 - forward_search:bfsdc - INFO - [number of node expansion]: 31
2024-01-18 17:10:38,385 - forward_search:bfsdc - INFO - [number of node generated]: 111
2024-01-18 17:10:38,385 - forward_search:bfsdc - INFO - [number of epistemic formulas evaluation: 161]
2024-01-18 17:10:38,385 - forward_search:bfsdc - INFO - [time in epistemic formulas evaluation: 0:00:00.049392]
2024-01-18 17:10:38,385 - forward_search:bfsdc - INFO - [avg time in epistemic formulas evaluation: 0.00030678260869565217]
2024-01-18 17:10:38,385 - forward_search:bfsdc - INFO - [number of common perspective generated]: 112
2024-01-18 17:10:38,385 - forward_search:bfsdc - INFO - [number of all iterations used when generating common perspectives]: 239
2024-01-18 17:10:38,385 - forward_search:bfsdc - INFO - [number of max iterations used when generating common perspectives]: 3
2024-01-18 17:10:38,385 - forward_search:bfsdc - INFO - [number of average iterations used when generating common perspectives]: 2.1339285714285716
2024-01-18 17:10:38,385 - instance_runner - INFO - initialization time: 0:00:00.001416
2024-01-18 17:10:38,385 - instance_runner - INFO - search time: 0:00:00.067922
