2024-01-18 17:14:55,427 - instance_runner - INFO - loading problem file: examples/group_bbl/problem5.pddl
2024-01-18 17:14:55,428 - pddl_parser - INFO - parsing problem: [group_bbl_05]
2024-01-18 17:14:55,428 - instance_runner - INFO - finish loading problem file: group_bbl_05
2024-01-18 17:14:55,428 - instance_runner - INFO - loading domain file: examples/group_bbl/domain.pddl
2024-01-18 17:14:55,428 - pddl_parser - INFO - parsing domain: [bbl]
2024-01-18 17:14:55,428 - instance_runner - INFO - finish loading domain file: bbl
2024-01-18 17:14:55,428 - instance_runner - INFO - Search algorithm exists
2024-01-18 17:14:55,428 - instance_runner - INFO - loading external function: examples/group_bbl/group_bbl.py
2024-01-18 17:14:55,428 - instance_runner - INFO - finish loading external function
2024-01-18 17:14:55,428 - instance_runner - INFO - Initialize problem
2024-01-18 17:14:55,428 - instance_runner - INFO - starting search
2024-01-18 17:14:55,428 - forward_search:bfsdc - INFO - starting searching using forward_search:bfsdc
2024-01-18 17:15:01,476 - forward_search:bfsdc - INFO - plan is: ['turn_clockwise-a', 'turn_clockwise-a', 'turn_clockwise-a', 'turn_clockwise-a', 'turn_clockwise-b', 'turn_clockwise-b', 'turn_clockwise-b', 'turn_clockwise-b', 'turn_clockwise-b']
2024-01-18 17:15:01,476 - forward_search:bfsdc - INFO - Goal found
2024-01-18 17:15:01,476 - forward_search:bfsdc - INFO - [number of node pruned_by_unknown]: 0
2024-01-18 17:15:01,476 - forward_search:bfsdc - INFO - [number of node pruned_by_visited]: 2319
2024-01-18 17:15:01,476 - forward_search:bfsdc - INFO - [number of node pruned]: 2319
2024-01-18 17:15:01,476 - forward_search:bfsdc - INFO - [number of node goal_checked]: 6380
2024-01-18 17:15:01,476 - forward_search:bfsdc - INFO - [number of node expansion]: 1595
2024-01-18 17:15:01,476 - forward_search:bfsdc - INFO - [number of node generated]: 6380
2024-01-18 17:15:01,476 - forward_search:bfsdc - INFO - [number of epistemic formulas evaluation: 10295]
2024-01-18 17:15:01,476 - forward_search:bfsdc - INFO - [time in epistemic formulas evaluation: 0:00:04.998227]
2024-01-18 17:15:01,476 - forward_search:bfsdc - INFO - [avg time in epistemic formulas evaluation: 0.000485500437105391]
2024-01-18 17:15:01,476 - forward_search:bfsdc - INFO - [number of common perspective generated]: 0
2024-01-18 17:15:01,476 - forward_search:bfsdc - INFO - [number of all iterations used when generating common perspectives]: 0
2024-01-18 17:15:01,476 - forward_search:bfsdc - INFO - [number of max iterations used when generating common perspectives]: 0
2024-01-18 17:15:01,476 - forward_search:bfsdc - INFO - [number of average iterations used when generating common perspectives]: 0
2024-01-18 17:15:01,479 - instance_runner - INFO - initialization time: 0:00:00.001352
2024-01-18 17:15:01,479 - instance_runner - INFO - search time: 0:00:06.050369
