2024-01-18 17:13:47,509 - instance_runner - INFO - loading problem file: examples/group_bbl/problem3.pddl
2024-01-18 17:13:47,509 - pddl_parser - INFO - parsing problem: [group_bbl_03]
2024-01-18 17:13:47,510 - instance_runner - INFO - finish loading problem file: group_bbl_03
2024-01-18 17:13:47,510 - instance_runner - INFO - loading domain file: examples/group_bbl/domain.pddl
2024-01-18 17:13:47,510 - pddl_parser - INFO - parsing domain: [bbl]
2024-01-18 17:13:47,510 - instance_runner - INFO - finish loading domain file: bbl
2024-01-18 17:13:47,510 - instance_runner - INFO - Search algorithm exists
2024-01-18 17:13:47,510 - instance_runner - INFO - loading external function: examples/group_bbl/group_bbl.py
2024-01-18 17:13:47,510 - instance_runner - INFO - finish loading external function
2024-01-18 17:13:47,510 - instance_runner - INFO - Initialize problem
2024-01-18 17:13:47,510 - instance_runner - INFO - starting search
2024-01-18 17:13:47,510 - forward_search:bfsdc - INFO - starting searching using forward_search:bfsdc
2024-01-18 17:14:09,581 - forward_search:bfsdc - INFO - plan is: ['turn_clockwise-b', 'turn_clockwise-b', 'turn_clockwise-b', 'turn_clockwise-b', 'turn_clockwise-b']
2024-01-18 17:14:09,582 - forward_search:bfsdc - INFO - Goal found
2024-01-18 17:14:09,582 - forward_search:bfsdc - INFO - [number of node pruned_by_unknown]: 0
2024-01-18 17:14:09,582 - forward_search:bfsdc - INFO - [number of node pruned_by_visited]: 125
2024-01-18 17:14:09,582 - forward_search:bfsdc - INFO - [number of node pruned]: 125
2024-01-18 17:14:09,582 - forward_search:bfsdc - INFO - [number of node goal_checked]: 708
2024-01-18 17:14:09,582 - forward_search:bfsdc - INFO - [number of node expansion]: 177
2024-01-18 17:14:09,582 - forward_search:bfsdc - INFO - [number of node generated]: 708
2024-01-18 17:14:09,582 - forward_search:bfsdc - INFO - [number of epistemic formulas evaluation: 1011]
2024-01-18 17:14:09,582 - forward_search:bfsdc - INFO - [time in epistemic formulas evaluation: 0:00:21.962993]
2024-01-18 17:14:09,582 - forward_search:bfsdc - INFO - [avg time in epistemic formulas evaluation: 0.021724028684470823]
2024-01-18 17:14:09,582 - forward_search:bfsdc - INFO - [number of common perspective generated]: 709
2024-01-18 17:14:09,582 - forward_search:bfsdc - INFO - [number of all iterations used when generating common perspectives]: 2476
2024-01-18 17:14:09,582 - forward_search:bfsdc - INFO - [number of max iterations used when generating common perspectives]: 4
2024-01-18 17:14:09,582 - forward_search:bfsdc - INFO - [number of average iterations used when generating common perspectives]: 3.4922425952045133
2024-01-18 17:14:09,582 - instance_runner - INFO - initialization time: 0:00:00.001253
2024-01-18 17:14:09,582 - instance_runner - INFO - search time: 0:00:22.071797
