2024-01-18 17:14:09,583 - instance_runner - INFO - loading problem file: examples/group_bbl/problem4.pddl
2024-01-18 17:14:09,584 - pddl_parser - INFO - parsing problem: [group_bbl_04]
2024-01-18 17:14:09,584 - instance_runner - INFO - finish loading problem file: group_bbl_04
2024-01-18 17:14:09,584 - instance_runner - INFO - loading domain file: examples/group_bbl/domain.pddl
2024-01-18 17:14:09,584 - pddl_parser - INFO - parsing domain: [bbl]
2024-01-18 17:14:09,584 - instance_runner - INFO - finish loading domain file: bbl
2024-01-18 17:14:09,584 - instance_runner - INFO - Search algorithm exists
2024-01-18 17:14:09,584 - instance_runner - INFO - loading external function: examples/group_bbl/group_bbl.py
2024-01-18 17:14:09,584 - instance_runner - INFO - finish loading external function
2024-01-18 17:14:09,584 - instance_runner - INFO - Initialize problem
2024-01-18 17:14:09,584 - instance_runner - INFO - starting search
2024-01-18 17:14:09,585 - forward_search:bfsdc - INFO - starting searching using forward_search:bfsdc
2024-01-18 17:14:55,424 - forward_search:bfsdc - INFO - plan is: ['turn_clockwise-b', 'turn_clockwise-b', 'turn_clockwise-b', 'turn_clockwise-b', 'turn_clockwise-b']
2024-01-18 17:14:55,425 - forward_search:bfsdc - INFO - Goal found
2024-01-18 17:14:55,425 - forward_search:bfsdc - INFO - [number of node pruned_by_unknown]: 0
2024-01-18 17:14:55,425 - forward_search:bfsdc - INFO - [number of node pruned_by_visited]: 121
2024-01-18 17:14:55,425 - forward_search:bfsdc - INFO - [number of node pruned]: 121
2024-01-18 17:14:55,425 - forward_search:bfsdc - INFO - [number of node goal_checked]: 756
2024-01-18 17:14:55,425 - forward_search:bfsdc - INFO - [number of node expansion]: 189
2024-01-18 17:14:55,425 - forward_search:bfsdc - INFO - [number of node generated]: 756
2024-01-18 17:14:55,425 - forward_search:bfsdc - INFO - [number of epistemic formulas evaluation: 1067]
2024-01-18 17:14:55,425 - forward_search:bfsdc - INFO - [time in epistemic formulas evaluation: 0:00:45.724576]
2024-01-18 17:14:55,425 - forward_search:bfsdc - INFO - [avg time in epistemic formulas evaluation: 0.04285339831302718]
2024-01-18 17:14:55,425 - forward_search:bfsdc - INFO - [number of common perspective generated]: 1514
2024-01-18 17:14:55,425 - forward_search:bfsdc - INFO - [number of all iterations used when generating common perspectives]: 5276
2024-01-18 17:14:55,425 - forward_search:bfsdc - INFO - [number of max iterations used when generating common perspectives]: 4
2024-01-18 17:14:55,425 - forward_search:bfsdc - INFO - [number of average iterations used when generating common perspectives]: 3.4848084544253632
2024-01-18 17:14:55,425 - instance_runner - INFO - initialization time: 0:00:00.001118
2024-01-18 17:14:55,426 - instance_runner - INFO - search time: 0:00:45.841045
