2024-01-18 17:15:06,507 - instance_runner - INFO - loading problem file: examples/group_bbl/problem7.pddl
2024-01-18 17:15:06,507 - pddl_parser - INFO - parsing problem: [group_bbl_07]
2024-01-18 17:15:06,507 - instance_runner - INFO - finish loading problem file: group_bbl_07
2024-01-18 17:15:06,507 - instance_runner - INFO - loading domain file: examples/group_bbl/domain.pddl
2024-01-18 17:15:06,508 - pddl_parser - INFO - parsing domain: [bbl]
2024-01-18 17:15:06,508 - instance_runner - INFO - finish loading domain file: bbl
2024-01-18 17:15:06,508 - instance_runner - INFO - Search algorithm exists
2024-01-18 17:15:06,508 - instance_runner - INFO - loading external function: examples/group_bbl/group_bbl.py
2024-01-18 17:15:06,508 - instance_runner - INFO - finish loading external function
2024-01-18 17:15:06,508 - instance_runner - INFO - Initialize problem
2024-01-18 17:15:06,508 - instance_runner - INFO - starting search
2024-01-18 17:15:06,508 - forward_search:bfsdc - INFO - starting searching using forward_search:bfsdc
2024-01-18 17:15:06,516 - forward_search:bfsdc - INFO - plan is: ['turn_clockwise-b']
2024-01-18 17:15:06,517 - forward_search:bfsdc - INFO - Goal found
2024-01-18 17:15:06,517 - forward_search:bfsdc - INFO - [number of node pruned_by_unknown]: 0
2024-01-18 17:15:06,517 - forward_search:bfsdc - INFO - [number of node pruned_by_visited]: 0
2024-01-18 17:15:06,517 - forward_search:bfsdc - INFO - [number of node pruned]: 0
2024-01-18 17:15:06,517 - forward_search:bfsdc - INFO - [number of node goal_checked]: 8
2024-01-18 17:15:06,517 - forward_search:bfsdc - INFO - [number of node expansion]: 2
2024-01-18 17:15:06,517 - forward_search:bfsdc - INFO - [number of node generated]: 8
2024-01-18 17:15:06,517 - forward_search:bfsdc - INFO - [number of epistemic formulas evaluation: 11]
2024-01-18 17:15:06,517 - forward_search:bfsdc - INFO - [time in epistemic formulas evaluation: 0:00:00.007295]
2024-01-18 17:15:06,517 - forward_search:bfsdc - INFO - [avg time in epistemic formulas evaluation: 0.0006631818181818182]
2024-01-18 17:15:06,517 - forward_search:bfsdc - INFO - [number of common perspective generated]: 0
2024-01-18 17:15:06,517 - forward_search:bfsdc - INFO - [number of all iterations used when generating common perspectives]: 0
2024-01-18 17:15:06,517 - forward_search:bfsdc - INFO - [number of max iterations used when generating common perspectives]: 0
2024-01-18 17:15:06,517 - forward_search:bfsdc - INFO - [number of average iterations used when generating common perspectives]: 0
2024-01-18 17:15:06,517 - instance_runner - INFO - initialization time: 0:00:00.001469
2024-01-18 17:15:06,517 - instance_runner - INFO - search time: 0:00:00.008900
