2024-01-18 17:13:47,228 - instance_runner - INFO - loading problem file: examples/group_bbl/problem2.pddl
2024-01-18 17:13:47,228 - pddl_parser - INFO - parsing problem: [group_bbl_02]
2024-01-18 17:13:47,228 - instance_runner - INFO - finish loading problem file: group_bbl_02
2024-01-18 17:13:47,228 - instance_runner - INFO - loading domain file: examples/group_bbl/domain.pddl
2024-01-18 17:13:47,229 - pddl_parser - INFO - parsing domain: [bbl]
2024-01-18 17:13:47,229 - instance_runner - INFO - finish loading domain file: bbl
2024-01-18 17:13:47,229 - instance_runner - INFO - Search algorithm exists
2024-01-18 17:13:47,229 - instance_runner - INFO - loading external function: examples/group_bbl/group_bbl.py
2024-01-18 17:13:47,229 - instance_runner - INFO - finish loading external function
2024-01-18 17:13:47,229 - instance_runner - INFO - Initialize problem
2024-01-18 17:13:47,229 - instance_runner - INFO - starting search
2024-01-18 17:13:47,229 - forward_search:bfsdc - INFO - starting searching using forward_search:bfsdc
2024-01-18 17:13:47,508 - forward_search:bfsdc - INFO - plan is: ['turn_clockwise-a', 'turn_clockwise-b']
2024-01-18 17:13:47,508 - forward_search:bfsdc - INFO - Goal found
2024-01-18 17:13:47,508 - forward_search:bfsdc - INFO - [number of node pruned_by_unknown]: 1
2024-01-18 17:13:47,508 - forward_search:bfsdc - INFO - [number of node pruned_by_visited]: 0
2024-01-18 17:13:47,508 - forward_search:bfsdc - INFO - [number of node pruned]: 1
2024-01-18 17:13:47,508 - forward_search:bfsdc - INFO - [number of node goal_checked]: 20
2024-01-18 17:13:47,508 - forward_search:bfsdc - INFO - [number of node expansion]: 5
2024-01-18 17:13:47,508 - forward_search:bfsdc - INFO - [number of node generated]: 19
2024-01-18 17:13:47,508 - forward_search:bfsdc - INFO - [number of epistemic formulas evaluation: 26]
2024-01-18 17:13:47,508 - forward_search:bfsdc - INFO - [time in epistemic formulas evaluation: 0:00:00.276054]
2024-01-18 17:13:47,508 - forward_search:bfsdc - INFO - [avg time in epistemic formulas evaluation: 0.01061746153846154]
2024-01-18 17:13:47,508 - forward_search:bfsdc - INFO - [number of common perspective generated]: 21
2024-01-18 17:13:47,508 - forward_search:bfsdc - INFO - [number of all iterations used when generating common perspectives]: 66
2024-01-18 17:13:47,508 - forward_search:bfsdc - INFO - [number of max iterations used when generating common perspectives]: 4
2024-01-18 17:13:47,508 - forward_search:bfsdc - INFO - [number of average iterations used when generating common perspectives]: 3.142857142857143
2024-01-18 17:13:47,508 - instance_runner - INFO - initialization time: 0:00:00.001240
2024-01-18 17:13:47,509 - instance_runner - INFO - search time: 0:00:00.279442
