2024-01-18 17:13:47,038 - instance_runner - INFO - loading problem file: examples/group_bbl/problem1.pddl
2024-01-18 17:13:47,040 - pddl_parser - INFO - parsing problem: [group_bbl_01]
2024-01-18 17:13:47,042 - instance_runner - INFO - finish loading problem file: group_bbl_01
2024-01-18 17:13:47,042 - instance_runner - INFO - loading domain file: examples/group_bbl/domain.pddl
2024-01-18 17:13:47,043 - pddl_parser - INFO - parsing domain: [bbl]
2024-01-18 17:13:47,043 - instance_runner - INFO - finish loading domain file: bbl
2024-01-18 17:13:47,043 - instance_runner - INFO - Search algorithm exists
2024-01-18 17:13:47,043 - instance_runner - INFO - loading external function: examples/group_bbl/group_bbl.py
2024-01-18 17:13:47,119 - instance_runner - INFO - finish loading external function
2024-01-18 17:13:47,119 - instance_runner - INFO - Initialize problem
2024-01-18 17:13:47,120 - instance_runner - INFO - starting search
2024-01-18 17:13:47,122 - forward_search:bfsdc - INFO - starting searching using forward_search:bfsdc
2024-01-18 17:13:47,227 - forward_search:bfsdc - INFO - plan is: ['turn_clockwise-b']
2024-01-18 17:13:47,227 - forward_search:bfsdc - INFO - Goal found
2024-01-18 17:13:47,227 - forward_search:bfsdc - INFO - [number of node pruned_by_unknown]: 0
2024-01-18 17:13:47,227 - forward_search:bfsdc - INFO - [number of node pruned_by_visited]: 0
2024-01-18 17:13:47,227 - forward_search:bfsdc - INFO - [number of node pruned]: 0
2024-01-18 17:13:47,227 - forward_search:bfsdc - INFO - [number of node goal_checked]: 8
2024-01-18 17:13:47,227 - forward_search:bfsdc - INFO - [number of node expansion]: 2
2024-01-18 17:13:47,227 - forward_search:bfsdc - INFO - [number of node generated]: 8
2024-01-18 17:13:47,227 - forward_search:bfsdc - INFO - [number of epistemic formulas evaluation: 11]
2024-01-18 17:13:47,227 - forward_search:bfsdc - INFO - [time in epistemic formulas evaluation: 0:00:00.103253]
2024-01-18 17:13:47,227 - forward_search:bfsdc - INFO - [avg time in epistemic formulas evaluation: 0.009386636363636363]
2024-01-18 17:13:47,227 - forward_search:bfsdc - INFO - [number of common perspective generated]: 9
2024-01-18 17:13:47,227 - forward_search:bfsdc - INFO - [number of all iterations used when generating common perspectives]: 28
2024-01-18 17:13:47,227 - forward_search:bfsdc - INFO - [number of max iterations used when generating common perspectives]: 4
2024-01-18 17:13:47,227 - forward_search:bfsdc - INFO - [number of average iterations used when generating common perspectives]: 3.111111111111111
2024-01-18 17:13:47,227 - instance_runner - INFO - initialization time: 0:00:00.081806
2024-01-18 17:13:47,227 - instance_runner - INFO - search time: 0:00:00.107280
