2024-01-18 17:11:20,772 - instance_runner - INFO - loading problem file: examples/group_grapevine/problem02.pddl
2024-01-18 17:11:20,773 - pddl_parser - INFO - parsing problem: [group_grapevine_02]
2024-01-18 17:11:20,773 - instance_runner - INFO - finish loading problem file: group_grapevine_02
2024-01-18 17:11:20,773 - instance_runner - INFO - loading domain file: examples/group_grapevine/domain.pddl
2024-01-18 17:11:20,773 - pddl_parser - INFO - parsing domain: [group_grapevine]
2024-01-18 17:11:20,774 - instance_runner - INFO - finish loading domain file: group_grapevine
2024-01-18 17:11:20,774 - instance_runner - INFO - Search algorithm exists
2024-01-18 17:11:20,774 - instance_runner - INFO - loading external function: examples/group_grapevine/group_grapevine.py
2024-01-18 17:11:20,774 - instance_runner - INFO - finish loading external function
2024-01-18 17:11:20,774 - instance_runner - INFO - Initialize problem
2024-01-18 17:11:20,774 - instance_runner - INFO - starting search
2024-01-18 17:11:20,774 - forward_search:bfsdc - INFO - starting searching using forward_search:bfsdc
2024-01-18 17:11:25,315 - forward_search:bfsdc - INFO - plan is: ['move_right-b', 'sharing_truth-a-a', 'move_right-a', 'sharing_truth-a-a']
2024-01-18 17:11:25,315 - forward_search:bfsdc - INFO - Goal found
2024-01-18 17:11:25,315 - forward_search:bfsdc - INFO - [number of node pruned_by_unknown]: 82
2024-01-18 17:11:25,315 - forward_search:bfsdc - INFO - [number of node pruned_by_visited]: 92
2024-01-18 17:11:25,315 - forward_search:bfsdc - INFO - [number of node pruned]: 174
2024-01-18 17:11:25,315 - forward_search:bfsdc - INFO - [number of node goal_checked]: 532
2024-01-18 17:11:25,315 - forward_search:bfsdc - INFO - [number of node expansion]: 66
2024-01-18 17:11:25,315 - forward_search:bfsdc - INFO - [number of node generated]: 450
2024-01-18 17:11:25,315 - forward_search:bfsdc - INFO - [number of epistemic formulas evaluation: 691]
2024-01-18 17:11:25,315 - forward_search:bfsdc - INFO - [time in epistemic formulas evaluation: 0:00:04.104236]
2024-01-18 17:11:25,315 - forward_search:bfsdc - INFO - [avg time in epistemic formulas evaluation: 0.00593956005788712]
2024-01-18 17:11:25,315 - forward_search:bfsdc - INFO - [number of common perspective generated]: 533
2024-01-18 17:11:25,315 - forward_search:bfsdc - INFO - [number of all iterations used when generating common perspectives]: 1703
2024-01-18 17:11:25,315 - forward_search:bfsdc - INFO - [number of max iterations used when generating common perspectives]: 4
2024-01-18 17:11:25,315 - forward_search:bfsdc - INFO - [number of average iterations used when generating common perspectives]: 3.1951219512195124
2024-01-18 17:11:25,316 - instance_runner - INFO - initialization time: 0:00:00.001816
2024-01-18 17:11:25,316 - instance_runner - INFO - search time: 0:00:04.541524
