2024-01-18 17:11:25,319 - instance_runner - INFO - loading problem file: examples/group_grapevine/problem03.pddl
2024-01-18 17:11:25,319 - pddl_parser - INFO - parsing problem: [group_grapevine_03]
2024-01-18 17:11:25,319 - instance_runner - INFO - finish loading problem file: group_grapevine_03
2024-01-18 17:11:25,320 - instance_runner - INFO - loading domain file: examples/group_grapevine/domain.pddl
2024-01-18 17:11:25,320 - pddl_parser - INFO - parsing domain: [group_grapevine]
2024-01-18 17:11:25,320 - instance_runner - INFO - finish loading domain file: group_grapevine
2024-01-18 17:11:25,320 - instance_runner - INFO - Search algorithm exists
2024-01-18 17:11:25,320 - instance_runner - INFO - loading external function: examples/group_grapevine/group_grapevine.py
2024-01-18 17:11:25,320 - instance_runner - INFO - finish loading external function
2024-01-18 17:11:25,320 - instance_runner - INFO - Initialize problem
2024-01-18 17:11:25,321 - instance_runner - INFO - starting search
2024-01-18 17:11:25,321 - forward_search:bfsdc - INFO - starting searching using forward_search:bfsdc
2024-01-18 17:12:01,084 - forward_search:bfsdc - INFO - plan is: ['move_right-b', 'sharing_truth-a-a', 'move_right-a', 'sharing_truth-a-a', 'move_left-b', 'sharing_truth-b-a']
2024-01-18 17:12:01,084 - forward_search:bfsdc - INFO - Goal found
2024-01-18 17:12:01,084 - forward_search:bfsdc - INFO - [number of node pruned_by_unknown]: 296
2024-01-18 17:12:01,084 - forward_search:bfsdc - INFO - [number of node pruned_by_visited]: 917
2024-01-18 17:12:01,084 - forward_search:bfsdc - INFO - [number of node pruned]: 1213
2024-01-18 17:12:01,084 - forward_search:bfsdc - INFO - [number of node goal_checked]: 2124
2024-01-18 17:12:01,084 - forward_search:bfsdc - INFO - [number of node expansion]: 240
2024-01-18 17:12:01,084 - forward_search:bfsdc - INFO - [number of node generated]: 1828
2024-01-18 17:12:01,084 - forward_search:bfsdc - INFO - [number of epistemic formulas evaluation: 3282]
2024-01-18 17:12:01,084 - forward_search:bfsdc - INFO - [time in epistemic formulas evaluation: 0:00:32.768831]
2024-01-18 17:12:01,084 - forward_search:bfsdc - INFO - [avg time in epistemic formulas evaluation: 0.009984409201706276]
2024-01-18 17:12:01,084 - forward_search:bfsdc - INFO - [number of common perspective generated]: 2125
2024-01-18 17:12:01,084 - forward_search:bfsdc - INFO - [number of all iterations used when generating common perspectives]: 7428
2024-01-18 17:12:01,084 - forward_search:bfsdc - INFO - [number of max iterations used when generating common perspectives]: 5
2024-01-18 17:12:01,084 - forward_search:bfsdc - INFO - [number of average iterations used when generating common perspectives]: 3.4955294117647058
2024-01-18 17:12:01,085 - instance_runner - INFO - initialization time: 0:00:00.001942
2024-01-18 17:12:01,085 - instance_runner - INFO - search time: 0:00:35.764365
