2024-01-18 17:12:50,045 - instance_runner - INFO - loading problem file: examples/group_grapevine/problem06.pddl
2024-01-18 17:12:50,045 - pddl_parser - INFO - parsing problem: [group_grapevine_06]
2024-01-18 17:12:50,046 - instance_runner - INFO - finish loading problem file: group_grapevine_06
2024-01-18 17:12:50,046 - instance_runner - INFO - loading domain file: examples/group_grapevine/domain.pddl
2024-01-18 17:12:50,047 - pddl_parser - INFO - parsing domain: [group_grapevine]
2024-01-18 17:12:50,048 - instance_runner - INFO - finish loading domain file: group_grapevine
2024-01-18 17:12:50,048 - instance_runner - INFO - Search algorithm exists
2024-01-18 17:12:50,048 - instance_runner - INFO - loading external function: examples/group_grapevine/group_grapevine.py
2024-01-18 17:12:50,048 - instance_runner - INFO - finish loading external function
2024-01-18 17:12:50,048 - instance_runner - INFO - Initialize problem
2024-01-18 17:12:50,048 - instance_runner - INFO - starting search
2024-01-18 17:12:50,048 - forward_search:bfsdc - INFO - starting searching using forward_search:bfsdc
2024-01-18 17:12:54,936 - forward_search:bfsdc - INFO - plan is: ['move_right-b', 'sharing_truth-a-a', 'move_right-a', 'sharing_truth-a-a']
2024-01-18 17:12:54,937 - forward_search:bfsdc - INFO - Goal found
2024-01-18 17:12:54,937 - forward_search:bfsdc - INFO - [number of node pruned_by_unknown]: 82
2024-01-18 17:12:54,937 - forward_search:bfsdc - INFO - [number of node pruned_by_visited]: 92
2024-01-18 17:12:54,937 - forward_search:bfsdc - INFO - [number of node pruned]: 174
2024-01-18 17:12:54,937 - forward_search:bfsdc - INFO - [number of node goal_checked]: 532
2024-01-18 17:12:54,937 - forward_search:bfsdc - INFO - [number of node expansion]: 66
2024-01-18 17:12:54,937 - forward_search:bfsdc - INFO - [number of node generated]: 450
2024-01-18 17:12:54,937 - forward_search:bfsdc - INFO - [number of epistemic formulas evaluation: 691]
2024-01-18 17:12:54,937 - forward_search:bfsdc - INFO - [time in epistemic formulas evaluation: 0:00:04.469896]
2024-01-18 17:12:54,937 - forward_search:bfsdc - INFO - [avg time in epistemic formulas evaluation: 0.00646873516642547]
2024-01-18 17:12:54,937 - forward_search:bfsdc - INFO - [number of common perspective generated]: 533
2024-01-18 17:12:54,937 - forward_search:bfsdc - INFO - [number of all iterations used when generating common perspectives]: 1703
2024-01-18 17:12:54,937 - forward_search:bfsdc - INFO - [number of max iterations used when generating common perspectives]: 4
2024-01-18 17:12:54,937 - forward_search:bfsdc - INFO - [number of average iterations used when generating common perspectives]: 3.1951219512195124
2024-01-18 17:12:54,938 - instance_runner - INFO - initialization time: 0:00:00.003373
2024-01-18 17:12:54,938 - instance_runner - INFO - search time: 0:00:04.889926
