2024-01-18 17:11:20,539 - instance_runner - INFO - loading problem file: examples/group_grapevine/problem01.pddl
2024-01-18 17:11:20,540 - pddl_parser - INFO - parsing problem: [group_grapevine_01]
2024-01-18 17:11:20,542 - instance_runner - INFO - finish loading problem file: group_grapevine_01
2024-01-18 17:11:20,542 - instance_runner - INFO - loading domain file: examples/group_grapevine/domain.pddl
2024-01-18 17:11:20,543 - pddl_parser - INFO - parsing domain: [group_grapevine]
2024-01-18 17:11:20,544 - instance_runner - INFO - finish loading domain file: group_grapevine
2024-01-18 17:11:20,544 - instance_runner - INFO - Search algorithm exists
2024-01-18 17:11:20,544 - instance_runner - INFO - loading external function: examples/group_grapevine/group_grapevine.py
2024-01-18 17:11:20,621 - instance_runner - INFO - finish loading external function
2024-01-18 17:11:20,622 - instance_runner - INFO - Initialize problem
2024-01-18 17:11:20,622 - instance_runner - INFO - starting search
2024-01-18 17:11:20,623 - forward_search:bfsdc - INFO - starting searching using forward_search:bfsdc
2024-01-18 17:11:20,771 - forward_search:bfsdc - INFO - plan is: ['sharing_truth-a-a']
2024-01-18 17:11:20,771 - forward_search:bfsdc - INFO - Goal found
2024-01-18 17:11:20,771 - forward_search:bfsdc - INFO - [number of node pruned_by_unknown]: 0
2024-01-18 17:11:20,771 - forward_search:bfsdc - INFO - [number of node pruned_by_visited]: 0
2024-01-18 17:11:20,771 - forward_search:bfsdc - INFO - [number of node pruned]: 0
2024-01-18 17:11:20,771 - forward_search:bfsdc - INFO - [number of node goal_checked]: 35
2024-01-18 17:11:20,771 - forward_search:bfsdc - INFO - [number of node expansion]: 5
2024-01-18 17:11:20,771 - forward_search:bfsdc - INFO - [number of node generated]: 35
2024-01-18 17:11:20,771 - forward_search:bfsdc - INFO - [number of epistemic formulas evaluation: 41]
2024-01-18 17:11:20,771 - forward_search:bfsdc - INFO - [time in epistemic formulas evaluation: 0:00:00.129979]
2024-01-18 17:11:20,771 - forward_search:bfsdc - INFO - [avg time in epistemic formulas evaluation: 0.0031702195121951224]
2024-01-18 17:11:20,771 - forward_search:bfsdc - INFO - [number of common perspective generated]: 36
2024-01-18 17:11:20,771 - forward_search:bfsdc - INFO - [number of all iterations used when generating common perspectives]: 109
2024-01-18 17:11:20,771 - forward_search:bfsdc - INFO - [number of max iterations used when generating common perspectives]: 4
2024-01-18 17:11:20,771 - forward_search:bfsdc - INFO - [number of average iterations used when generating common perspectives]: 3.0277777777777777
2024-01-18 17:11:20,772 - instance_runner - INFO - initialization time: 0:00:00.083442
2024-01-18 17:11:20,772 - instance_runner - INFO - search time: 0:00:00.149399
